WARNING:root:Working on region 0
WARNING:root:Working on region 0
WARNING:root:Working on region 0
WARNING:root:Working on region 0
WARNING:root:Working on region 0
WARNING:root:Working on region 0
WARNING:root:Working on region 0
WARNING:root:Working on region 0
WARNING:root:Working on region 0
WARNING:root:Submitting job. Details as follow
WARNING:root:Align: 2013-09-12 22:00:00
2013-09-12 23:00:00
2013-09-13 00:00:00
2013-09-13 01:00:00
2013-09-13 02:00:00
2013-09-13 03:00:00
2013-09-13 04:00:00
2013-09-13 05:00:00
2013-09-13 06:00:00
2013-09-13 07:00:00
2013-09-13 08:00:00
2013-09-13 09:00:00
2013-09-13 10:00:00
2013-09-13 11:00:00
2013-09-13 12:00:00
2013-09-13 13:00:00
2013-09-13 14:00:00
2013-09-13 15:00:00
2013-09-13 16:00:00
2013-09-13 17:00:00
2013-09-13 18:00:00
2013-09-13 19:00:00
2013-09-13 20:00:00
2013-09-13 21:00:00
2013-09-13 22:00:00
WARNING:root:Converted: 1379023200
1379026800
1379030400
1379034000
1379037600
1379041200
1379044800
1379048400
1379052000
1379055600
1379059200
1379062800
1379066400
1379070000
1379073600
1379077200
1379080800
1379084400
1379088000
1379091600
1379095200
1379098800
1379102400
1379106000
1379109600
WARNING:root:Working on region 1
WARNING:root:Submitting job. Details as follow
WARNING:root:Align: 2013-09-12 22:00:00
2013-09-12 23:00:00
2013-09-13 00:00:00
2013-09-13 01:00:00
2013-09-13 02:00:00
2013-09-13 03:00:00
2013-09-13 04:00:00
2013-09-13 05:00:00
2013-09-13 06:00:00
2013-09-13 07:00:00
2013-09-13 08:00:00
2013-09-13 09:00:00
2013-09-13 10:00:00
2013-09-13 11:00:00
2013-09-13 12:00:00
2013-09-13 13:00:00
2013-09-13 14:00:00
2013-09-13 15:00:00
2013-09-13 16:00:00
2013-09-13 17:00:00
2013-09-13 18:00:00
2013-09-13 19:00:00
2013-09-13 20:00:00
2013-09-13 21:00:00
2013-09-13 22:00:00
WARNING:root:Converted: 1379023200
1379026800
1379030400
1379034000
1379037600
1379041200
1379044800
1379048400
1379052000
1379055600
1379059200
1379062800
1379066400
1379070000
1379073600
1379077200
1379080800
1379084400
1379088000
1379091600
1379095200
1379098800
1379102400
1379106000
1379109600
WARNING:root:Working on region 2
WARNING:root:Submitting job. Details as follow
WARNING:root:Align: 2013-09-12 22:00:00
2013-09-12 23:00:00
2013-09-13 00:00:00
2013-09-13 01:00:00
2013-09-13 02:00:00
2013-09-13 03:00:00
2013-09-13 04:00:00
2013-09-13 05:00:00
2013-09-13 06:00:00
2013-09-13 07:00:00
2013-09-13 08:00:00
2013-09-13 09:00:00
2013-09-13 10:00:00
2013-09-13 11:00:00
2013-09-13 12:00:00
2013-09-13 13:00:00
2013-09-13 14:00:00
2013-09-13 15:00:00
2013-09-13 16:00:00
2013-09-13 17:00:00
2013-09-13 18:00:00
2013-09-13 19:00:00
2013-09-13 20:00:00
2013-09-13 21:00:00
2013-09-13 22:00:00
WARNING:root:Converted: 1379023200
1379026800
1379030400
1379034000
1379037600
1379041200
1379044800
1379048400
1379052000
1379055600
1379059200
1379062800
1379066400
1379070000
1379073600
1379077200
1379080800
1379084400
1379088000
1379091600
1379095200
1379098800
1379102400
1379106000
1379109600
WARNING:root:Working on region 3
WARNING:root:Submitting job. Details as follow
WARNING:root:Align: 2013-09-12 22:00:00
2013-09-12 23:00:00
2013-09-13 00:00:00
2013-09-13 01:00:00
2013-09-13 02:00:00
2013-09-13 03:00:00
2013-09-13 04:00:00
2013-09-13 05:00:00
2013-09-13 06:00:00
2013-09-13 07:00:00
2013-09-13 08:00:00
2013-09-13 09:00:00
2013-09-13 10:00:00
2013-09-13 11:00:00
2013-09-13 12:00:00
2013-09-13 13:00:00
2013-09-13 14:00:00
2013-09-13 15:00:00
2013-09-13 16:00:00
2013-09-13 17:00:00
2013-09-13 18:00:00
2013-09-13 19:00:00
2013-09-13 20:00:00
2013-09-13 21:00:00
2013-09-13 22:00:00
WARNING:root:Converted: 1379023200
1379026800
1379030400
1379034000
1379037600
1379041200
1379044800
1379048400
1379052000
1379055600
1379059200
1379062800
1379066400
1379070000
1379073600
1379077200
1379080800
1379084400
1379088000
1379091600
1379095200
1379098800
1379102400
1379106000
1379109600
WARNING:root:Working on region 4
WARNING:root:Submitting job. Details as follow
WARNING:root:Align: 2013-09-12 22:00:00
2013-09-12 23:00:00
2013-09-13 00:00:00
2013-09-13 01:00:00
2013-09-13 02:00:00
2013-09-13 03:00:00
2013-09-13 04:00:00
2013-09-13 05:00:00
2013-09-13 06:00:00
2013-09-13 07:00:00
2013-09-13 08:00:00
2013-09-13 09:00:00
2013-09-13 10:00:00
2013-09-13 11:00:00
2013-09-13 12:00:00
2013-09-13 13:00:00
2013-09-13 14:00:00
2013-09-13 15:00:00
2013-09-13 16:00:00
2013-09-13 17:00:00
2013-09-13 18:00:00
2013-09-13 19:00:00
2013-09-13 20:00:00
2013-09-13 21:00:00
2013-09-13 22:00:00
WARNING:root:Converted: 1379023200
1379026800
1379030400
1379034000
1379037600
1379041200
1379044800
1379048400
1379052000
1379055600
1379059200
1379062800
1379066400
1379070000
1379073600
1379077200
1379080800
1379084400
1379088000
1379091600
1379095200
1379098800
1379102400
1379106000
1379109600
WARNING:root:Working on region 5
WARNING:root:Working on region 0
WARNING:root:Submitting job. Details as follow
WARNING:root:Align: 2013-09-12 22:00:00
2013-09-12 23:00:00
2013-09-13 00:00:00
2013-09-13 01:00:00
2013-09-13 02:00:00
2013-09-13 03:00:00
2013-09-13 04:00:00
2013-09-13 05:00:00
2013-09-13 06:00:00
2013-09-13 07:00:00
2013-09-13 08:00:00
2013-09-13 09:00:00
2013-09-13 10:00:00
2013-09-13 11:00:00
2013-09-13 12:00:00
2013-09-13 13:00:00
2013-09-13 14:00:00
2013-09-13 15:00:00
2013-09-13 16:00:00
2013-09-13 17:00:00
2013-09-13 18:00:00
2013-09-13 19:00:00
2013-09-13 20:00:00
2013-09-13 21:00:00
2013-09-13 22:00:00
WARNING:root:Converted: 1379023200
1379026800
1379030400
1379034000
1379037600
1379041200
1379044800
1379048400
1379052000
1379055600
1379059200
1379062800
1379066400
1379070000
1379073600
1379077200
1379080800
1379084400
1379088000
1379091600
1379095200
1379098800
1379102400
1379106000
1379109600
WARNING:root:Working on region 1
WARNING:root:Submitting job. Details as follow
WARNING:root:Align: 2013-09-12 22:00:00
2013-09-12 23:00:00
2013-09-13 00:00:00
2013-09-13 01:00:00
2013-09-13 02:00:00
2013-09-13 03:00:00
2013-09-13 04:00:00
2013-09-13 05:00:00
2013-09-13 06:00:00
2013-09-13 07:00:00
2013-09-13 08:00:00
2013-09-13 09:00:00
2013-09-13 10:00:00
2013-09-13 11:00:00
2013-09-13 12:00:00
2013-09-13 13:00:00
2013-09-13 14:00:00
2013-09-13 15:00:00
2013-09-13 16:00:00
2013-09-13 17:00:00
2013-09-13 18:00:00
2013-09-13 19:00:00
2013-09-13 20:00:00
2013-09-13 21:00:00
2013-09-13 22:00:00
WARNING:root:Converted: 1379023200
1379026800
1379030400
1379034000
1379037600
1379041200
1379044800
1379048400
1379052000
1379055600
1379059200
1379062800
1379066400
1379070000
1379073600
1379077200
1379080800
1379084400
1379088000
1379091600
1379095200
1379098800
1379102400
1379106000
1379109600
WARNING:root:Working on region 2
WARNING:root:Submitting job. Details as follow
WARNING:root:Align: 2013-09-12 22:00:00
2013-09-12 23:00:00
2013-09-13 00:00:00
2013-09-13 01:00:00
2013-09-13 02:00:00
2013-09-13 03:00:00
2013-09-13 04:00:00
2013-09-13 05:00:00
2013-09-13 06:00:00
2013-09-13 07:00:00
2013-09-13 08:00:00
2013-09-13 09:00:00
2013-09-13 10:00:00
2013-09-13 11:00:00
2013-09-13 12:00:00
2013-09-13 13:00:00
2013-09-13 14:00:00
2013-09-13 15:00:00
2013-09-13 16:00:00
2013-09-13 17:00:00
2013-09-13 18:00:00
2013-09-13 19:00:00
2013-09-13 20:00:00
2013-09-13 21:00:00
2013-09-13 22:00:00
WARNING:root:Converted: 1379023200
1379026800
1379030400
1379034000
1379037600
1379041200
1379044800
1379048400
1379052000
1379055600
1379059200
1379062800
1379066400
1379070000
1379073600
1379077200
1379080800
1379084400
1379088000
1379091600
1379095200
1379098800
1379102400
1379106000
1379109600
WARNING:root:Working on region 3
WARNING:root:Submitting job. Details as follow
WARNING:root:Align: 2013-09-12 22:00:00
2013-09-12 23:00:00
2013-09-13 00:00:00
2013-09-13 01:00:00
2013-09-13 02:00:00
2013-09-13 03:00:00
2013-09-13 04:00:00
2013-09-13 05:00:00
2013-09-13 06:00:00
2013-09-13 07:00:00
2013-09-13 08:00:00
2013-09-13 09:00:00
2013-09-13 10:00:00
2013-09-13 11:00:00
2013-09-13 12:00:00
2013-09-13 13:00:00
2013-09-13 14:00:00
2013-09-13 15:00:00
2013-09-13 16:00:00
2013-09-13 17:00:00
2013-09-13 18:00:00
2013-09-13 19:00:00
2013-09-13 20:00:00
2013-09-13 21:00:00
2013-09-13 22:00:00
WARNING:root:Converted: 1379023200
1379026800
1379030400
1379034000
1379037600
1379041200
1379044800
1379048400
1379052000
1379055600
1379059200
1379062800
1379066400
1379070000
1379073600
1379077200
1379080800
1379084400
1379088000
1379091600
1379095200
1379098800
1379102400
1379106000
1379109600
WARNING:root:Working on region 4
WARNING:root:Submitting job. Details as follow
WARNING:root:Align: 2013-09-12 22:00:00
2013-09-12 23:00:00
2013-09-13 00:00:00
2013-09-13 01:00:00
2013-09-13 02:00:00
2013-09-13 03:00:00
2013-09-13 04:00:00
2013-09-13 05:00:00
2013-09-13 06:00:00
2013-09-13 07:00:00
2013-09-13 08:00:00
2013-09-13 09:00:00
2013-09-13 10:00:00
2013-09-13 11:00:00
2013-09-13 12:00:00
2013-09-13 13:00:00
2013-09-13 14:00:00
2013-09-13 15:00:00
2013-09-13 16:00:00
2013-09-13 17:00:00
2013-09-13 18:00:00
2013-09-13 19:00:00
2013-09-13 20:00:00
2013-09-13 21:00:00
2013-09-13 22:00:00
WARNING:root:Converted: 1379023200
1379026800
1379030400
1379034000
1379037600
1379041200
1379044800
1379048400
1379052000
1379055600
1379059200
1379062800
1379066400
1379070000
1379073600
1379077200
1379080800
1379084400
1379088000
1379091600
1379095200
1379098800
1379102400
1379106000
1379109600
WARNING:root:Working on region 5
WARNING:root:Submitting job. Details as follow
WARNING:root:Align: 2013-09-12 22:00:00
2013-09-12 23:00:00
2013-09-13 00:00:00
2013-09-13 01:00:00
2013-09-13 02:00:00
2013-09-13 03:00:00
2013-09-13 04:00:00
2013-09-13 05:00:00
2013-09-13 06:00:00
2013-09-13 07:00:00
2013-09-13 08:00:00
2013-09-13 09:00:00
2013-09-13 10:00:00
2013-09-13 11:00:00
2013-09-13 12:00:00
2013-09-13 13:00:00
2013-09-13 14:00:00
2013-09-13 15:00:00
2013-09-13 16:00:00
2013-09-13 17:00:00
2013-09-13 18:00:00
2013-09-13 19:00:00
2013-09-13 20:00:00
2013-09-13 21:00:00
2013-09-13 22:00:00
WARNING:root:Converted: 1379023200
1379026800
1379030400
1379034000
1379037600
1379041200
1379044800
1379048400
1379052000
1379055600
1379059200
1379062800
1379066400
1379070000
1379073600
1379077200
1379080800
1379084400
1379088000
1379091600
1379095200
1379098800
1379102400
1379106000
1379109600
WARNING:root:Working on region 6
WARNING:root:Submitting job. Details as follow
WARNING:root:Align: 2013-09-12 22:00:00
2013-09-12 23:00:00
2013-09-13 00:00:00
2013-09-13 01:00:00
2013-09-13 02:00:00
2013-09-13 03:00:00
2013-09-13 04:00:00
2013-09-13 05:00:00
2013-09-13 06:00:00
2013-09-13 07:00:00
2013-09-13 08:00:00
2013-09-13 09:00:00
2013-09-13 10:00:00
2013-09-13 11:00:00
2013-09-13 12:00:00
2013-09-13 13:00:00
2013-09-13 14:00:00
2013-09-13 15:00:00
2013-09-13 16:00:00
2013-09-13 17:00:00
2013-09-13 18:00:00
2013-09-13 19:00:00
2013-09-13 20:00:00
2013-09-13 21:00:00
2013-09-13 22:00:00
WARNING:root:Converted: 1379023200
1379026800
1379030400
1379034000
1379037600
1379041200
1379044800
1379048400
1379052000
1379055600
1379059200
1379062800
1379066400
1379070000
1379073600
1379077200
1379080800
1379084400
1379088000
1379091600
1379095200
1379098800
1379102400
1379106000
1379109600
WARNING:root:Working on region 7
